
Showing logs for build [32mcb-kubecd-environment-pr-191-17-6k4dh-1[0m stage [32mfrom-build-pack[0m and container [32mstep-credential-initializer-m82mq[0m
{"level":"warn","ts":1585594870.8415058,"logger":"fallback-logger","caller":"logging/config.go:69","msg":"Fetch GitHub commit ID from kodata failed: \"ref: refs/heads/0.8.0-**-support-backwards-incompats\" is not a valid GitHub commit ID"}
{"level":"info","ts":1585594870.8420956,"logger":"fallback-logger","caller":"creds-init/main.go:40","msg":"Credentials initialized."}

Showing logs for build [32mcb-kubecd-environment-pr-191-17-6k4dh-1[0m stage [32mfrom-build-pack[0m and container [32mstep-working-dir-initializer-cp442[0m
{"level":"warn","ts":1585594871.7534847,"logger":"fallback-logger","caller":"logging/config.go:69","msg":"Fetch GitHub commit ID from kodata failed: open /var/run/ko/HEAD: no such file or directory"}
{"level":"info","ts":1585594871.755564,"logger":"fallback-logger","caller":"bash/main.go:64","msg":"Successfully executed command \"sh -c mkdir -p /workspace/source\"; output "}

Showing logs for build [32mcb-kubecd-environment-pr-191-17-6k4dh-1[0m stage [32mfrom-build-pack[0m and container [32mstep-place-tools[0m

Showing logs for build [32mcb-kubecd-environment-pr-191-17-6k4dh-1[0m stage [32mfrom-build-pack[0m and container [32mstep-git-source-cb-kubecd-environment-pr-191-17-6k4dh-4xrbd[0m
{"level":"warn","ts":1585594875.0693552,"logger":"fallback-logger","caller":"logging/config.go:69","msg":"Fetch GitHub commit ID from kodata failed: \"ref: refs/heads/0.8.0-**-support-backwards-incompats\" is not a valid GitHub commit ID"}
{"level":"info","ts":1585594876.1753762,"logger":"fallback-logger","caller":"git/git.go:103","msg":"Successfully cloned https://github.com/cb-kubecd/environment-pr-191-177-boot-gke-staging.git @ master in path /workspace/source"}

Showing logs for build [32mcb-kubecd-environment-pr-191-17-6k4dh-1[0m stage [32mfrom-build-pack[0m and container [32mstep-git-merge[0m
Using SHAs from PULL_REFS=master:eb7e79885cb70e39b4ed717a9b9101de658debaf,3:336bafedefbc547059e8ef3d16f9d9523d5a42f7
DEBUG: JX_LOG_LEVEL=error LC_ALL=C git fetch origin --unshallow 336bafedefbc547059e8ef3d16f9d9523d5a42f7: eb7e79885cb70e39b4ed717a9b9101de658debaf:
DEBUG: ran git fetch --unshallow origin 336bafedefbc547059e8ef3d16f9d9523d5a42f7: eb7e79885cb70e39b4ed717a9b9101de658debaf: in 
DEBUG: LC_ALL=C JX_LOG_LEVEL=error git branch
DEBUG: LC_ALL=C JX_LOG_LEVEL=error git checkout master
DEBUG: ran git checkout master in 
DEBUG: LC_ALL=C JX_LOG_LEVEL=error git reset --hard eb7e79885cb70e39b4ed717a9b9101de658debaf
DEBUG: ran git reset --hard eb7e79885cb70e39b4ed717a9b9101de658debaf in 
DEBUG: LC_ALL=C JX_LOG_LEVEL=error git clean -fd .
DEBUG: ran clean --force -d . in 
DEBUG: LC_ALL=C JX_LOG_LEVEL=error git merge 336bafedefbc547059e8ef3d16f9d9523d5a42f7
DEBUG: ran git merge 336bafedefbc547059e8ef3d16f9d9523d5a42f7 in 
DEBUG: LC_ALL=C JX_LOG_LEVEL=error git log --format=%H%x1f%an%x1f%ae%x1f%cn%x1f%ce%x1f%s%n%b%x1e eb7e79885cb70e39b4ed717a9b9101de658debaf..HEAD
Merged SHA 336bafedefbc547059e8ef3d16f9d9523d5a42f7 with commit message 'chore: Promote bdd-nh-1585593703 to version 0.0.1' into base branch master

Showing logs for build [32mcb-kubecd-environment-pr-191-17-6k4dh-1[0m stage [32mfrom-build-pack[0m and container [32mstep-build-helm-build[0m
WARNING: No $CHART_REPOSITORY defined so using the default value of: http://jenkins-x-chartmuseum:8080
Adding missing Helm repo: storage.googleapis.com https://storage.googleapis.com/chartmuseum.jenkins-x.io
WARNING: No secrets found on "helm/repos" due: reading the secret "helm/repos" from vault: no secret "helm/repos" not found in vault
Read credentials for https://storage.googleapis.com/chartmuseum.jenkins-x.io from vault helm/repos
Successfully added Helm repository storage.googleapis.com.
Adding missing Helm repo: jenkins-x-chartmuseum http://jenkins-x-chartmuseum:8080
WARNING: No secrets found on "helm/repos" due: reading the secret "helm/repos" from vault: no secret "helm/repos" not found in vault
Read credentials for http://jenkins-x-chartmuseum:8080 from vault helm/repos
Successfully added Helm repository jenkins-x-chartmuseum.
WARNING: No $CHART_REPOSITORY defined so using the default value of: http://jenkins-x-chartmuseum:8080
Adding missing Helm repo: chartmuseum.jenkins-x.io http://chartmuseum.jenkins-x.io
WARNING: No secrets found on "helm/repos" due: reading the secret "helm/repos" from vault: no secret "helm/repos" not found in vault
Read credentials for http://chartmuseum.jenkins-x.io from vault helm/repos
Successfully added Helm repository chartmuseum.jenkins-x.io.
